2016-12-02 16:30:16 [INFO ]	================== APP LAUNCHER ==================
2016-12-02 16:30:16 [ERROR]	Mauvais argument
2016-12-02 16:30:55 [INFO ]	================== APP LAUNCHER ==================
2016-12-02 16:30:55 [ERROR]	Impossible de lire la configuration : 
java.io.FileNotFoundException: P:\Secure\PERSO\projects\AppLauncher\launcher (The system cannot find the file specified)
	at java.io.FileInputStream.open0(Native Method)
	at java.io.FileInputStream.open(Unknown Source)
	at java.io.FileInputStream.<init>(Unknown Source)
	at java.io.FileInputStream.<init>(Unknown Source)
	at sun.net.www.protocol.file.FileURLConnection.connect(Unknown Source)
	at sun.net.www.protocol.file.FileURLConnection.getInputStream(Unknown Source)
	at com.sun.org.apache.xerces.internal.impl.XMLEntityManager.setupCurrentEntity(Unknown Source)
	at com.sun.org.apache.xerces.internal.impl.XMLVersionDetector.determineDocVersion(Unknown Source)
	at com.sun.org.apache.xerces.internal.parsers.XML11Configuration.parse(Unknown Source)
	at com.sun.org.apache.xerces.internal.parsers.XML11Configuration.parse(Unknown Source)
	at com.sun.org.apache.xerces.internal.parsers.XMLParser.parse(Unknown Source)
	at com.sun.org.apache.xerces.internal.parsers.DOMParser.parse(Unknown Source)
	at com.sun.org.apache.xerces.internal.jaxp.DocumentBuilderImpl.parse(Unknown Source)
	at javax.xml.parsers.DocumentBuilder.parse(Unknown Source)
	at fr.cmat.core.ConfigurationManager.read(ConfigurationManager.java:46)
	at fr.cmat.AppLauncher.main(AppLauncher.java:15)
2016-12-02 16:30:55 [FATAL]	Erreur d'exécution : 
java.lang.NullPointerException
	at fr.cmat.core.Launcher.process(Launcher.java:18)
	at fr.cmat.AppLauncher.main(AppLauncher.java:16)
2016-12-02 16:31:09 [INFO ]	================== APP LAUNCHER ==================
2016-12-02 16:31:10 [INFO ]	Launch [TaskManager].
2016-12-02 16:31:47 [INFO ]	================== APP LAUNCHER ==================
2016-12-02 16:31:48 [INFO ]	Launch [TaskManager].
2016-12-02 16:32:13 [INFO ]	================== APP LAUNCHER ==================
2016-12-02 16:32:45 [INFO ]	Launch [TaskManager].
2016-12-02 16:33:10 [INFO ]	================== APP LAUNCHER ==================
2016-12-02 16:33:11 [INFO ]	Launch [TaskManager].
2016-12-02 16:33:12 [INFO ]	Launch [Outlook].
